Job: ASTRAL with ID 2804715
Running on c3cpu-c15-u13-4.rc.int.colorado.edu
Job started at 10:03:03 Thu 24 Aug 2023
Directory is /home/pepe8426/Scripts/Analyses
Using 16 processors across 1 nodes

================== ASTRAL ===================== 

This is ASTRAL version 5.7.8
Gene trees are treated as unrooted
3672 trees read from 3672_concat_besttrees.txt
index0
All output trees will be *arbitrarily* rooted at HUTE2

======== Running the main analysis
Number of taxa: 117 (117 species)
Taxa: [HUTE2, HUTE3, LEAC2, LEAC3, LEAC1, BRCU2, BRCU3, BRCU1, PSCH2, PINT3, PINT2, PINT1, PINF1, PINF3, PINF2, PSCH1, PSCH3, PCOR3, PCOR2, PCOR1, PEIN1, PREI1, PBON3, PBON1, PALT3, PALT2, PBON2, PALT1, PESE1, PAXI1, PAXI3, PAXI2, PEEX1, PEEX2, PEEX3, CAPY1, CAPY3, CAPY2, CPAR2, CPAR1, CPAR3, CAEG2, CAEG3, CACA3, CACA2, CACA1, CAEL2, CAEL3, CAEL1, CAEG1, CAOV2, CATH2, CALO1, CATH1, CATH3, CAOV3, CAOV1, CAPU3, CAPU1, CAPU2, FAFR2, FAFR3, FAFR1, FDEN3, FDEN1, FDEN2, FAPU2, FAPU3, FAPU1, FAVI1, FADE1, FADE2, FADE3, FAPA3, FAPA1, FAPA2, PEPA1, PEPA3, PEPA2, BOER2, BOER1, BOER3, PLNY1, PLNY3, PLNY2, HUTE1, NIRI1, NIRI3, NIRI2, FABR1, FABR2, FABR3, FAPE1, FAPE3, FAIM1, FAIM3, FAIM2, FAPE2, CAIR1, CAIR3, CAIR2, CAHU3, CAHU2, CAHU1, CALI1, CALI3, CALI2, CAHE2, CAHE3, CAHE1, CSEL2, CSEL1, CSEL3, CAMI1, CAMI2, CAMI3, CASE1]
Taxon occupancy: {PSCH2=3127, PSCH3=3129, PSCH1=3129, FAIM2=3343, FAIM1=3343, FAIM3=3343, PEIN1=3135, PINT2=3115, PINT1=3116, PINT3=3116, CSEL3=3348, NIRI3=3365, CSEL1=3348, NIRI2=3365, CSEL2=3348, CAMI2=3345, CAMI3=3343, CAMI1=3345, FAPA1=3356, CALO1=3372, FAPA3=3356, FAPA2=3356, CPAR3=2998, CPAR2=2998, PREI1=3160, CPAR1=2998, PAXI1=2944, PEEX3=2933, PEEX2=2933, PEEX1=2933, NIRI1=3365, PAXI2=2944, PAXI3=2944, PCOR2=3115, PCOR3=3116, PCOR1=3116, CAPU1=3366, CAPU2=3366, CAHU3=3371, BRCU1=3342, PINF2=3069, CAHU1=3371, PINF1=3068, CAHU2=3371, PINF3=3069, BOER1=3471, CAHE3=3340, LEAC3=3386, LEAC2=3382, BRCU2=3342, CAHE1=3341, LEAC1=3386, BRCU3=3342, CAHE2=3341, CAEG2=3360, CAEG3=3359, CAPU3=3365, BOER3=3471, CAEG1=3360, BOER2=3471, CAEL3=3344, CAEL1=3345, CAEL2=3344, PBON3=3154, PBON1=3152, PBON2=3152, PESE1=3003, PALT3=3128, PALT1=3128, PALT2=3127, HUTE2=3461, HUTE3=3461, HUTE1=3461, FABR3=3304, FAFR2=3335, FAFR1=3335, FAFR3=3335, CACA2=3375, FAPE1=3309, CACA3=3374, FAVI1=3340, FAPE3=3309, CACA1=3374, FAPE2=3309, FABR1=3304, FABR2=3304, CAOV3=3314, PLNY2=3451, PLNY1=3451, CAOV1=3313, CAIR3=3362, CAOV2=3313, CAIR1=3362, CAIR2=3362, PLNY3=3450, FAPU1=3319, FAPU3=3319, PEPA3=3572, FAPU2=3319, PEPA2=3572, FADE1=3336, PEPA1=3572, FADE3=3336, FADE2=3335, CASE1=3358, FDEN1=3328, CATH1=3390, FDEN2=3326, FDEN3=3328, CAPY3=3352, CAPY1=3355, CAPY2=3355, CATH2=3390, CATH3=3390, CALI3=3377, CALI1=3377, CALI2=3377}
Number of gene trees: 3672
2979 trees have missing taxa
Calculating quartet distance matrix (for completion of X)
Species tree distances calculated ...
Will attempt to complete bipartitions from X before adding using a distance matrix.
Building set of clusters (X) from gene trees 
------------------------------
gradient0: 152339
Number of Clusters after addition by distance: 152339
calculating extra bipartitions to be added at level 1 ...
Adding to X using resolutions of greedy consensus ...
Limit for sigma of degrees:2975
polytomy size limit : 22
discarded polytomies:  [3, 3, 3, 3, 3, 3, 3, 3, 3, 3, 3, 3, 4, 6, 8, 8, 8, 9, 11, 14, 22]
Threshold 0.0:
Threshold 0.01:
Threshold 0.02:
polytomy of size 3; rounds with additions with at least 5 support: 0; clusters: 152339
polytomy of size 3; rounds with additions with at least 5 support: 0; clusters: 152339
Threshold 0.05:
polytomy of size 8; rounds with additions with at least 5 support: 0; clusters: 152339
Threshold 0.1:
polytomy of size 3; rounds with additions with at least 5 support: 0; clusters: 152339
polytomy of size 11; rounds with additions with at least 5 support: 0; clusters: 152339
polytomy of size 4; rounds with additions with at least 5 support: 0; clusters: 152339
Threshold 0.2:
polytomy of size 8; rounds with additions with at least 5 support: 0; clusters: 152339
polytomy of size 14; rounds with additions with at least 5 support: 0; clusters: 152339
polytomy of size 6; rounds with additions with at least 5 support: 0; clusters: 152339
Threshold 0.3333333333333333:
polytomy of size 3; rounds with additions with at least 5 support: 0; clusters: 152339
polytomy of size 3; rounds with additions with at least 5 support: 0; clusters: 152339
polytomy of size 3; rounds with additions with at least 5 support: 0; clusters: 152339
polytomy of size 3; rounds with additions with at least 5 support: 0; clusters: 152339
polytomy of size 9; rounds with additions with at least 5 support: 0; clusters: 152339
polytomy of size 3; rounds with additions with at least 5 support: 0; clusters: 152339
polytomy of size 3; rounds with additions with at least 5 support: 0; clusters: 152339
polytomy of size 3; rounds with additions with at least 5 support: 0; clusters: 152339
polytomy of size 22; rounds with additions with at least 5 support: 0; clusters: 152339
polytomy of size 3; rounds with additions with at least 5 support: 0; clusters: 152339
polytomy of size 3; rounds with additions with at least 5 support: 0; clusters: 152339
polytomy of size 8; rounds with additions with at least 5 support: 0; clusters: 152339
max k is :0
Number of Clusters after addition by greedy: 152339
gradient0 in heuristiic: 152339
partitions formed in 35.961 secs
Dynamic Programming starting after 35.961 secs
Using tree-based weight calculation.
Using polytree-based weight calculation.
Polytree max score: 18749189323
Polytree building time: 0.856 seconds.
Number of quartet trees in the gene trees: 18749189323
Size of largest cluster: 117
Greedy score: 14280645101
estimationFactor: 1.312909129132205
Calculated 100000 weights; time (seconds): 873
Calculated 200000 weights; time (seconds): 823
Calculated 300000 weights; time (seconds): 1343
Sub-optimal score: 15915086674
Calculated 400000 weights; time (seconds): 1464
Calculated 500000 weights; time (seconds): 1164
Calculated 600000 weights; time (seconds): 996
Calculated 700000 weights; time (seconds): 1191
Calculated 800000 weights; time (seconds): 1373
Calculated 900000 weights; time (seconds): 1313
Calculated 1000000 weights; time (seconds): 1109
Calculated 1100000 weights; time (seconds): 1330
Calculated 1200000 weights; time (seconds): 1317
Total Number of elements weighted: 1298297
Normalized score (portion of input quartet trees satisfied before correcting for multiple individuals): 0.8602415367481753
Optimization score: 16128831436
Optimal tree inferred in 15298.803 secs.
(CAHU2,(CAHU3,(CAHU1,((CATH1,(CATH2,CATH3)),((CAPU3,(CAPU1,CAPU2)),((CALO1,(CAOV1,(CAOV2,CAOV3))),((CAHE2,(CAHE3,CAHE1)),((CAIR1,(CAIR3,CAIR2)),((((CAMI3,(CAMI1,CAMI2)),(CAEG3,(CAEG2,CAEG1))),((CSEL3,(CSEL2,CSEL1)),(CASE1,(CALI2,(CALI1,CALI3))))),(((CACA3,(CACA2,CACA1)),(CAEL2,(CAEL3,CAEL1))),(((CPAR3,(CPAR2,CPAR1)),(CAPY3,(CAPY1,CAPY2))),(((FABR2,(FABR1,FABR3)),(((FAIM1,(FAIM3,FAIM2)),(PEPA3,(PEPA1,PEPA2))),(((FAPU2,(FAPU3,FAPU1)),((FDEN3,(FDEN1,FDEN2)),(FAPE1,(FAPE3,FAPE2)))),(FAVI1,((FAFR1,(FAFR2,FAFR3)),((FAPA1,(FAPA3,FAPA2)),(FADE2,(FADE1,FADE3)))))))),(((BRCU3,(BRCU2,BRCU1)),((LEAC2,(LEAC3,LEAC1)),((NIRI2,(NIRI1,NIRI3)),((BOER3,(BOER2,BOER1)),((PLNY3,(PLNY1,PLNY2)),(HUTE1,(HUTE2,HUTE3))))))),(((PAXI3,(PAXI1,PAXI2)),(PESE1,(PEEX3,(PEEX1,PEEX2)))),(((PINF2,(PINF1,PINF3)),(PCOR2,(PCOR3,PCOR1))),((PINT3,(PINT2,PINT1)),((PSCH2,(PSCH1,PSCH3)),(PEIN1,(PREI1,((PBON3,(PBON1,PBON2)),(PALT2,(PALT3,PALT1))))))))))))))))))))));
Final quartet score is: 16128831436
Final normalized quartet score is: 0.8602415367481753
Extended species tree:
(HUTE2,(HUTE3,(HUTE1,((PLNY3,(PLNY1,PLNY2)1:0.22747768555633227)1:1.1488392968740428,((BOER3,(BOER2,BOER1)1:0.06291673933453615)1:5.960832027945243,((NIRI2,(NIRI1,NIRI3)1:0.06536259303415164)1:5.854059445438404,((LEAC2,(LEAC3,LEAC1)1:0.03791885522620658)1:6.101849257299315,((BRCU3,(BRCU2,BRCU1)1:0.04366837253514018)1:5.953082861144035,((((PAXI3,(PAXI1,PAXI2)1:0.05259583741794533)1:1.3120883594463226,(PESE1,(PEEX3,(PEEX1,PEEX2)0.52:0.009306712847927721)1:1.6693986758430601)1:0.16308505206997662)1:1.5362745685097552,(((PINF2,(PINF1,PINF3)0.59:0.012592559575615597)1:0.43763880639031166,(PCOR2,(PCOR3,PCOR1)1:0.1437842372607941)1:1.8973983812889461)0.97:0.03257060750610509,((PINT3,(PINT2,PINT1)1:0.10239032218782416)1:1.1085151049033752,((PSCH2,(PSCH1,PSCH3)0.86:0.03245519891144263)1:1.3367997457284198,(PEIN1,(PREI1,((PBON3,(PBON1,PBON2)1:0.058717207730489177)1:0.6842581123519411,(PALT2,(PALT3,PALT1)1:0.09369127722108841)1:0.6894024966067558)1:0.07831549864768081)1:0.053281624530649226)0.72:0.016994787502273047)0.99:0.05588393824044413)1:0.10764175903205334)1:0.4564148941608617)1:2.1159747485531093,(((FABR2,(FABR1,FABR3)1:0.05666197028956587)1:2.8882877664851576,(((FAIM1,(FAIM3,FAIM2)1:0.10885544987215899)1:2.448582118941831,(PEPA3,(PEPA1,PEPA2)0.97:0.028301079891659222)1:3.0312556439619276)1:0.17420397478424315,(((FAPU2,(FAPU3,FAPU1)0.68:0.013872122219369913)1:1.4537996590957434,((FDEN3,(FDEN1,FDEN2)1:0.0661820317550324)1:0.5837882957828171,(FAPE1,(FAPE3,FAPE2)1:0.07942878695239423)1:0.45310590537469475)1:0.6061667162823089)1:0.6800421932618624,(FAVI1,((FAFR1,(FAFR2,FAFR3)0.92:0.027494699915927557)1:1.5160638000735223,((FAPA1,(FAPA3,FAPA2)0.47:0.007768044646662957)1:1.718224972742829,(FADE2,(FADE1,FADE3)0.96:0.029652817650573125)1:1.6722031042346706)1:0.07464648673175665)1:0.32662622119406276)1:0.06649802726767477)1:0.07108527444084542)1:0.1484326515844271)1:1.1915501280756573,(((CPAR3,(CPAR2,CPAR1)0.59:0.010092174825896612)1:4.361706435427355,(CAPY3,(CAPY1,CAPY2)0.46:0.006486339834933705)1:1.6267767325469014)1:1.0353067472206947,(((CACA3,(CACA2,CACA1)1:0.052964791766342195)1:1.264886600916143,(CAEL2,(CAEL3,CAEL1)0.94:0.025318022800032144)1:1.7338699393807866)1:0.18344574390992846,((((CAMI3,(CAMI1,CAMI2)1:0.054120722757027166)1:0.9151771807026454,(CAEG3,(CAEG2,CAEG1)1:0.08386007550077514)1:0.7338966279143669)0.97:0.031024936574193373,((CSEL3,(CSEL2,CSEL1)0.98:0.03320746644563023)1:0.5389045272071781,(CASE1,(CALI2,(CALI1,CALI3)0.64:0.011922845502009905)1:0.31022668688166355)0.99:0.034993805934348386)1:0.054570694928144724)0.99:0.03178026285018168,((CAIR1,(CAIR3,CAIR2)1:0.08021498946030087)1:0.9551804535778623,((CAHE2,(CAHE3,CAHE1)1:0.11178041719618204)1:1.0311961309793547,((CALO1,(CAOV1,(CAOV2,CAOV3)1:0.15624449471453142)1:0.33178355112630586)1:0.04724378655917078,((CAPU3,(CAPU1,CAPU2)1:0.12262373364034726)1:1.568151130015651,((CATH1,(CATH2,CATH3)1:0.8248481039478777)1:0.5138421447172155,(CAHU1,(CAHU3,CAHU2)1:0.18410555316628674)1:0.2911622040809849)1:0.06810201251411278)1:0.13029966597493964)1:0.041828012478161744)0.51:0.007453692622084121)1:0.09721383279178634)1:0.04212004408207962)1:1.839152562921495)1:1.7305264351990781)1:1.2556131249871614)1:2.9544762964974693)1:1.6726309685616736)1:2.202188473678255)1:1.8686850082539292)1:2.598391314141577)1:3.484213538906572)0.88:0.021204906739898874));
Weight calculation took 14875.620974975 secs
ASTRAL finished in 15305.954 secs
Job finished at 14:18:09 Thu 24 Aug 2023
