Job: prune_and_reroot with ID 2628933
Running on c3cpu-c15-u1-2.rc.int.colorado.edu
Job started at 11:28:11 Tue 08 Aug 2023
Directory is /home/pepe8426/Scripts/NewDatasetAnalyses
Using 1 processors across 1 nodes
done with sample Cluster10019_1rr
done with sample Cluster10026_1rr
done with sample Cluster10037_1rr_1_1to1ortho
done with sample Cluster10039_1rr
done with sample Cluster10040_1rr
done with sample Cluster10041_1rr
done with sample Cluster10051_1rr
done with sample Cluster10059_2rr_2_1to1ortho
done with sample Cluster10060_1rr
done with sample Cluster1008_1rr
done with sample Cluster10094_1rr
done with sample Cluster10101_1rr
done with sample Cluster10117_1rr
done with sample Cluster10128_1rr
done with sample Cluster1013_1rr
done with sample Cluster10155_1rr
done with sample Cluster10158_1rr
done with sample Cluster10189_1rr
done with sample Cluster10203_1rr
done with sample Cluster10211_1rr
done with sample Cluster10218_1rr
done with sample Cluster10228_1rr
done with sample Cluster10246_1rr_1_1to1ortho
done with sample Cluster10260_1rr
done with sample Cluster10304_1rr
done with sample Cluster10305_1rr
done with sample Cluster10322_1rr
done with sample Cluster1033_1rr
done with sample Cluster10335_1rr
done with sample Cluster10354_1rr
done with sample Cluster10377_1rr
done with sample Cluster10385_1rr
done with sample Cluster10387_1rr
done with sample Cluster10401_1rr
done with sample Cluster10406_1rr
done with sample Cluster10408_1rr
done with sample Cluster10412_1rr
done with sample Cluster10415_1rr
done with sample Cluster10425_1rr
done with sample Cluster10451_1rr
done with sample Cluster10467_1rr
done with sample Cluster10470_1rr
done with sample Cluster10477_1rr
done with sample Cluster10494_1rr
done with sample Cluster10500_1rr_1_1to1ortho
done with sample Cluster10515_1rr_1_1to1ortho
done with sample Cluster10517_1rr
done with sample Cluster10518_1rr_1_1to1ortho
done with sample Cluster10520_1rr_1_1to1ortho
done with sample Cluster10527_1rr
done with sample Cluster10531_1rr
done with sample Cluster10539_1rr
done with sample Cluster10546_1rr_1_1to1ortho
done with sample Cluster10552_1rr_1_1to1ortho
done with sample Cluster10578_1rr
done with sample Cluster10585_1rr
done with sample Cluster10594_1rr
done with sample Cluster10603_1rr
done with sample Cluster10620_1rr
done with sample Cluster10632_2rr
done with sample Cluster10639_1rr
done with sample Cluster10644_1rr_1_1to1ortho
done with sample Cluster10645_1rr_1_1to1ortho
done with sample Cluster10646_1rr
done with sample Cluster10675_1rr
done with sample Cluster10703_1rr
done with sample Cluster10716_2rr
done with sample Cluster10740_1rr
done with sample Cluster1074_1rr_1_1to1ortho
done with sample Cluster10759_1rr
done with sample Cluster10772_1rr
done with sample Cluster10774_1rr
done with sample Cluster10775_1rr
done with sample Cluster10777_1rr
done with sample Cluster10778_1rr
done with sample Cluster10789_1rr
done with sample Cluster10794_1rr
done with sample Cluster10812_2rr
done with sample Cluster10822_1rr
done with sample Cluster10833_1rr
done with sample Cluster10837_1rr
done with sample Cluster10848_1rr_1_1to1ortho
done with sample Cluster10877_1rr
done with sample Cluster10879_1rr
done with sample Cluster10894_1rr
done with sample Cluster10898_1rr
done with sample Cluster10922_1rr
done with sample Cluster10923_1rr
done with sample Cluster10926_1rr
done with sample Cluster10933_1rr
done with sample Cluster10934_1rr
done with sample Cluster10947_1rr
done with sample Cluster10957_1rr
done with sample Cluster10975_1rr
done with sample Cluster10995_1rr
done with sample Cluster11019_1rr
done with sample Cluster11037_1rr_1_1to1ortho
done with sample Cluster11046_1rr
done with sample Cluster1106_1rr
done with sample Cluster11066_1rr_1_1to1ortho
done with sample Cluster1107_1rr
done with sample Cluster11080_1rr
done with sample Cluster11084_1rr_1_1to1ortho
done with sample Cluster11085_1rr
done with sample Cluster11091_1rr
done with sample Cluster11097_1rr
done with sample Cluster11100_1rr
done with sample Cluster11102_1rr
done with sample Cluster11119_2rr
done with sample Cluster11121_1rr
done with sample Cluster11123_1rr
done with sample Cluster11130_2rr
done with sample Cluster1113_1rr
done with sample Cluster11135_1rr
done with sample Cluster11145_1rr
done with sample Cluster11179_1rr
done with sample Cluster11192_1rr
done with sample Cluster11202_1rr
done with sample Cluster11219_1rr
done with sample Cluster11226_1rr
done with sample Cluster11228_1rr
done with sample Cluster11229_1rr
done with sample Cluster11259_2rr
done with sample Cluster11261_1rr
done with sample Cluster11269_1rr
done with sample Cluster11278_1rr
done with sample Cluster11291_1rr
done with sample Cluster11300_1rr
done with sample Cluster11308_1rr
done with sample Cluster11311_1rr
done with sample Cluster11312_1rr
done with sample Cluster11323_1rr
done with sample Cluster11333_1rr
done with sample Cluster11353_1rr
done with sample Cluster11375_1rr
done with sample Cluster11392_1rr
done with sample Cluster11396_1rr_1_1to1ortho
done with sample Cluster11430_1rr
done with sample Cluster11436_1rr
done with sample Cluster11483_1rr
done with sample Cluster11500_1rr_1_1to1ortho
done with sample Cluster11510_1rr
done with sample Cluster11533_1rr
done with sample Cluster11550_1rr
done with sample Cluster11552_1rr
done with sample Cluster11555_1rr
done with sample Cluster1156_1rr_1_1to1ortho
done with sample Cluster11567_1rr
done with sample Cluster11597_1rr_1_1to1ortho
done with sample Cluster11603_1rr
done with sample Cluster11628_1rr
done with sample Cluster11637_1rr_1_1to1ortho
done with sample Cluster11644_1rr
done with sample Cluster11651_1rr
done with sample Cluster11654_1rr
done with sample Cluster11659_1rr
done with sample Cluster11664_1rr
done with sample Cluster11671_1rr
done with sample Cluster11682_1rr
done with sample Cluster11693_1rr
done with sample Cluster11708_1rr
done with sample Cluster11728_1rr
done with sample Cluster11734_1rr
done with sample Cluster11745_1rr
done with sample Cluster11749_1rr
done with sample Cluster11755_1rr
done with sample Cluster11759_1rr
done with sample Cluster11760_1rr_1_1to1ortho
done with sample Cluster11763_1rr
done with sample Cluster11770_1rr
done with sample Cluster11796_1rr
done with sample Cluster11810_1rr_1_1to1ortho
done with sample Cluster11820_1rr
done with sample Cluster11831_1rr
done with sample Cluster11841_1rr
done with sample Cluster11846_1rr
done with sample Cluster11855_1rr
done with sample Cluster11861_1rr_1_1to1ortho
done with sample Cluster11867_1rr
done with sample Cluster11875_1rr
done with sample Cluster1189_1rr
done with sample Cluster11895_1rr
done with sample Cluster11900_1rr_1_1to1ortho
done with sample Cluster11940_1rr_1_1to1ortho
done with sample Cluster11941_1rr
done with sample Cluster11950_1rr
done with sample Cluster11959_1rr
done with sample Cluster11965_1rr
done with sample Cluster11968_1rr
done with sample Cluster11972_1rr
done with sample Cluster11974_1rr_1_1to1ortho
done with sample Cluster11981_1rr
done with sample Cluster11984_1rr
done with sample Cluster11986_1rr
done with sample Cluster11988_1rr
done with sample Cluster11991_1rr_1_1to1ortho
done with sample Cluster12025_1rr
done with sample Cluster12027_1rr
done with sample Cluster12028_1rr
done with sample Cluster12035_1rr
done with sample Cluster12040_1rr
done with sample Cluster1205_1rr
done with sample Cluster12056_1rr
done with sample Cluster12059_1rr
done with sample Cluster12075_1rr
done with sample Cluster12083_2rr
done with sample Cluster12088_1rr
done with sample Cluster1209_1rr
done with sample Cluster12100_1rr
done with sample Cluster12106_1rr
done with sample Cluster12111_1rr
done with sample Cluster12121_1rr
done with sample Cluster12133_1rr
done with sample Cluster12139_1rr
done with sample Cluster12141_1rr
done with sample Cluster12151_1rr
done with sample Cluster12164_1rr
done with sample Cluster12167_1rr
done with sample Cluster12191_1rr
done with sample Cluster12220_1rr_1_1to1ortho
done with sample Cluster1222_1rr
done with sample Cluster12224_1rr_1_1to1ortho
done with sample Cluster12225_1rr
done with sample Cluster1223_1rr_1_1to1ortho
done with sample Cluster12234_1rr
done with sample Cluster12262_1rr
done with sample Cluster1229_1rr_1_1to1ortho
done with sample Cluster12294_1rr
done with sample Cluster12298_1rr
done with sample Cluster12300_1rr
done with sample Cluster12324_1rr
done with sample Cluster1234_2rr
done with sample Cluster12343_1rr
done with sample Cluster12348_1rr_1_1to1ortho
done with sample Cluster12351_1rr
done with sample Cluster1235_1rr
done with sample Cluster12360_1rr
done with sample Cluster12369_1rr_1_1to1ortho
done with sample Cluster12388_1rr
done with sample Cluster12403_1rr
done with sample Cluster12410_1rr
done with sample Cluster12419_2rr
done with sample Cluster12421_1rr
done with sample Cluster12422_1rr
done with sample Cluster12425_1rr
done with sample Cluster12431_1rr
done with sample Cluster12432_1rr
done with sample Cluster12437_1rr
done with sample Cluster12441_1rr
done with sample Cluster12449_1rr
done with sample Cluster12457_1rr
done with sample Cluster12469_1rr
done with sample Cluster12509_1rr
done with sample Cluster12532_1rr_1_1to1ortho
done with sample Cluster1253_2rr_2_1to1ortho
done with sample Cluster12535_1rr_1_1to1ortho
done with sample Cluster12543_1rr
done with sample Cluster12555_1rr
done with sample Cluster12560_1rr
done with sample Cluster1257_1rr
done with sample Cluster12586_1rr_1_1to1ortho
done with sample Cluster12591_1rr
done with sample Cluster12608_1rr
done with sample Cluster12620_1rr
done with sample Cluster12652_1rr
done with sample Cluster12656_1rr_1_1to1ortho
done with sample Cluster12673_1rr
done with sample Cluster12677_1rr
done with sample Cluster12680_1rr
done with sample Cluster12685_1rr
done with sample Cluster12686_1rr
done with sample Cluster12695_1rr
done with sample Cluster12701_1rr
done with sample Cluster12702_1rr
done with sample Cluster12704_1rr
done with sample Cluster12711_1rr
done with sample Cluster12713_1rr
done with sample Cluster12718_1rr
done with sample Cluster12737_1rr_1_1to1ortho
done with sample Cluster12738_1rr
done with sample Cluster12751_1rr
done with sample Cluster1275_2rr
done with sample Cluster12765_1rr_1_1to1ortho
done with sample Cluster12770_1rr
done with sample Cluster12801_1rr
done with sample Cluster12822_1rr
done with sample Cluster12825_1rr
done with sample Cluster12830_1rr
done with sample Cluster12837_1rr
done with sample Cluster12859_1rr
done with sample Cluster12873_1rr
done with sample Cluster12880_1rr
done with sample Cluster12885_1rr
done with sample Cluster12886_1rr
done with sample Cluster1289_1rr
done with sample Cluster12925_1rr
done with sample Cluster12927_1rr
done with sample Cluster12936_1rr
done with sample Cluster12944_1rr
done with sample Cluster12954_1rr
done with sample Cluster12956_1rr
done with sample Cluster12968_1rr
done with sample Cluster12969_1rr
done with sample Cluster12991_1rr
done with sample Cluster1299_1rr
done with sample Cluster13001_1rr
done with sample Cluster1301_1rr
done with sample Cluster13012_1rr
done with sample Cluster13013_1rr
done with sample Cluster13034_1rr
done with sample Cluster13037_1rr
done with sample Cluster13045_1rr
done with sample Cluster13061_1rr_1_1to1ortho
done with sample Cluster13088_1rr
done with sample Cluster13099_1rr
done with sample Cluster13126_1rr
done with sample Cluster13135_1rr_1_1to1ortho
done with sample Cluster13139_1rr_1_1to1ortho
done with sample Cluster13142_2rr
done with sample Cluster13160_1rr
done with sample Cluster13161_1rr_1_1to1ortho
done with sample Cluster13166_1rr
done with sample Cluster13190_1rr
done with sample Cluster13_1rr
done with sample Cluster13220_1rr_1_1to1ortho
done with sample Cluster13226_1rr
done with sample Cluster1323_1rr
done with sample Cluster13255_1rr
done with sample Cluster13262_1rr
done with sample Cluster13269_1rr
done with sample Cluster13275_1rr
done with sample Cluster13283_1rr
done with sample Cluster13288_1rr
done with sample Cluster13298_1rr_1_1to1ortho
done with sample Cluster13299_1rr
done with sample Cluster13315_1rr
done with sample Cluster13318_1rr
done with sample Cluster13334_1rr
done with sample Cluster13335_1rr_1_1to1ortho
done with sample Cluster13351_1rr
done with sample Cluster13354_1rr
done with sample Cluster13358_1rr
done with sample Cluster13359_1rr
done with sample Cluster13365_1rr
done with sample Cluster1337_1rr
done with sample Cluster13377_1rr
done with sample Cluster13404_1rr
done with sample Cluster13414_1rr_1_1to1ortho
done with sample Cluster13436_1rr
done with sample Cluster13438_1rr
done with sample Cluster1344_1rr
done with sample Cluster13446_1rr
done with sample Cluster13449_1rr
done with sample Cluster13453_1rr
done with sample Cluster13462_1rr
done with sample Cluster13470_1rr_1_1to1ortho
done with sample Cluster13502_1rr_1_1to1ortho
done with sample Cluster13508_1rr
done with sample Cluster1351_1rr_1_1to1ortho
done with sample Cluster13512_1rr
done with sample Cluster13529_1rr
done with sample Cluster13545_1rr
done with sample Cluster13580_1rr
done with sample Cluster13582_1rr
done with sample Cluster13591_1rr
done with sample Cluster13616_1rr
done with sample Cluster136_1rr
done with sample Cluster13625_1rr
done with sample Cluster13632_1rr
done with sample Cluster13633_1rr
done with sample Cluster13641_1rr
done with sample Cluster1368_1rr
done with sample Cluster13687_1rr
done with sample Cluster13700_1rr
done with sample Cluster1370_1rr
done with sample Cluster13707_1rr
done with sample Cluster13709_1rr
done with sample Cluster13728_1rr
done with sample Cluster13735_1rr
done with sample Cluster13741_1rr
done with sample Cluster13764_1rr
done with sample Cluster13765_1rr_1_1to1ortho
done with sample Cluster13770_1rr
done with sample Cluster13773_1rr
done with sample Cluster13777_1rr
done with sample Cluster13781_1rr
done with sample Cluster13785_1rr
done with sample Cluster13798_1rr
done with sample Cluster13801_1rr_1_1to1ortho
done with sample Cluster13803_1rr
done with sample Cluster13811_1rr
done with sample Cluster13812_1rr
done with sample Cluster13819_1rr
done with sample Cluster1382_1rr
done with sample Cluster13823_1rr
done with sample Cluster13850_1rr
done with sample Cluster1386_1rr
done with sample Cluster13901_1rr
done with sample Cluster13902_1rr
done with sample Cluster13903_1rr
done with sample Cluster13933_1rr_1_1to1ortho
done with sample Cluster1394_1rr
done with sample Cluster13948_1rr_1_1to1ortho
done with sample Cluster13963_1rr
done with sample Cluster13977_1rr_1_1to1ortho
done with sample Cluster13985_1rr
done with sample Cluster13998_1rr
done with sample Cluster14012_1rr
done with sample Cluster14020_1rr
done with sample Cluster14024_1rr
done with sample Cluster14031_1rr
done with sample Cluster1403_1rr
done with sample Cluster14042_1rr
done with sample Cluster14082_1rr
done with sample Cluster14091_1rr
done with sample Cluster14102_1rr
done with sample Cluster14111_1rr
done with sample Cluster14134_1rr
done with sample Cluster14136_1rr
done with sample Cluster14140_1rr_1_1to1ortho
done with sample Cluster14154_1rr
done with sample Cluster14156_1rr
done with sample Cluster14159_1rr
done with sample Cluster14166_1rr
done with sample Cluster14_1rr
done with sample Cluster1421_1rr
done with sample Cluster1424_1rr
done with sample Cluster1425_1rr
done with sample Cluster1438_1rr
done with sample Cluster1452_1rr
done with sample Cluster145_4rr
done with sample Cluster1475_1rr
done with sample Cluster1477_1rr
done with sample Cluster1484_1rr
done with sample Cluster1495_1rr
done with sample Cluster1515_1rr
done with sample Cluster1516_1rr
done with sample Cluster1518_1rr
done with sample Cluster1530_1rr_1_1to1ortho
done with sample Cluster1545_1rr
done with sample Cluster155_1rr
done with sample Cluster1556_1rr
done with sample Cluster1580_1rr
done with sample Cluster1582_1rr_1_1to1ortho
done with sample Cluster1590_1rr
done with sample Cluster1605_1rr
done with sample Cluster1606_1rr
done with sample Cluster1623_1rr
done with sample Cluster1635_1rr_1_1to1ortho
done with sample Cluster1654_2rr
done with sample Cluster1655_1rr
done with sample Cluster1659_1rr
done with sample Cluster1665_1rr_1_1to1ortho
done with sample Cluster1700_1rr
done with sample Cluster1707_1rr_1_1to1ortho
done with sample Cluster171_1rr
done with sample Cluster1714_1rr
done with sample Cluster1723_1rr
done with sample Cluster1739_1rr
done with sample Cluster1741_1rr
done with sample Cluster1745_1rr
done with sample Cluster176_1rr
done with sample Cluster1766_1rr
done with sample Cluster1777_1rr
done with sample Cluster1779_1rr
done with sample Cluster1781_1rr
done with sample Cluster1796_1rr
done with sample Cluster1802_1rr
done with sample Cluster1814_1rr
done with sample Cluster1816_1rr
done with sample Cluster1817_1rr
done with sample Cluster1822_1rr
done with sample Cluster1836_1rr
done with sample Cluster1843_1rr
done with sample Cluster1851_1rr
done with sample Cluster1862_1rr_1_1to1ortho
done with sample Cluster1873_1rr
done with sample Cluster1876_1rr
done with sample Cluster1892_1rr
done with sample Cluster1918_1rr
done with sample Cluster1925_1rr
done with sample Cluster1955_3rr
done with sample Cluster1958_1rr
done with sample Cluster1964_1rr_1_1to1ortho
done with sample Cluster1976_1rr
done with sample Cluster2000_1rr
done with sample Cluster2009_1rr
done with sample Cluster2009_1rr_1_1to1ortho
done with sample Cluster2011_1rr
done with sample Cluster201_1rr_1_1to1ortho
done with sample Cluster2016_1rr
done with sample Cluster2019_2rr
done with sample Cluster2055_1rr
done with sample Cluster2059_1rr
done with sample Cluster2071_1rr
done with sample Cluster2075_1rr
done with sample Cluster2085_2rr
done with sample Cluster2091_4rr
done with sample Cluster2092_1rr
done with sample Cluster2095_1rr
done with sample Cluster2106_1rr
done with sample Cluster2116_1rr
done with sample Cluster2132_1rr
done with sample Cluster2164_1rr_2_1to1ortho
done with sample Cluster2184_1rr
done with sample Cluster2190_1rr
done with sample Cluster219_1rr
done with sample Cluster223_1rr_1_1to1ortho
done with sample Cluster2238_1rr
done with sample Cluster2247_1rr
done with sample Cluster2271_1rr
done with sample Cluster2275_1rr
done with sample Cluster2286_1rr
done with sample Cluster2292_1rr
done with sample Cluster2298_1rr
done with sample Cluster2299_1rr
done with sample Cluster2306_1rr
done with sample Cluster2307_1rr_1_1to1ortho
done with sample Cluster2316_1rr
done with sample Cluster2326_1rr
done with sample Cluster2328_2rr
done with sample Cluster2337_1rr_1_1to1ortho
done with sample Cluster2370_1rr
done with sample Cluster2381_1rr
done with sample Cluster241_1rr
done with sample Cluster242_1rr
done with sample Cluster2424_1rr
done with sample Cluster2446_1rr_1_1to1ortho
done with sample Cluster2459_2rr
done with sample Cluster2464_1rr
done with sample Cluster249_1rr
done with sample Cluster2503_1rr
done with sample Cluster2533_1rr
done with sample Cluster2540_1rr
done with sample Cluster2553_1rr
done with sample Cluster2562_1rr_1_1to1ortho
done with sample Cluster2575_1rr
done with sample Cluster2578_1rr
done with sample Cluster2581_1rr
done with sample Cluster259_1rr
done with sample Cluster2633_1rr
done with sample Cluster2640_1rr
done with sample Cluster265_1rr
done with sample Cluster2667_1rr_1_1to1ortho
done with sample Cluster2671_1rr
done with sample Cluster2690_1rr
done with sample Cluster2709_1rr
done with sample Cluster2710_1rr
done with sample Cluster2716_1rr
done with sample Cluster273_1rr_1_1to1ortho
done with sample Cluster2741_1rr
done with sample Cluster274_1rr
done with sample Cluster2744_1rr
done with sample Cluster2763_1rr
done with sample Cluster2784_1rr
done with sample Cluster2812_1rr
done with sample Cluster2823_1rr
done with sample Cluster2840_3rr_1_1to1ortho
done with sample Cluster2842_1rr
done with sample Cluster2849_1rr
done with sample Cluster2850_1rr
done with sample Cluster2885_1rr
done with sample Cluster2886_1rr
done with sample Cluster2902_1rr
done with sample Cluster2925_1rr
done with sample Cluster2945_1rr
done with sample Cluster2947_1rr
done with sample Cluster2994_1rr
done with sample Cluster2998_1rr_1_1to1ortho
done with sample Cluster3028_1rr
done with sample Cluster3042_1rr
done with sample Cluster3045_1rr
done with sample Cluster3057_1rr
done with sample Cluster3110_1rr
done with sample Cluster3137_1rr
done with sample Cluster3147_1rr
done with sample Cluster3149_1rr
done with sample Cluster3155_1rr_1_1to1ortho
done with sample Cluster3157_2rr
done with sample Cluster3177_1rr
done with sample Cluster3194_1rr
done with sample Cluster3198_1rr
done with sample Cluster3219_1rr
done with sample Cluster325_1rr
done with sample Cluster3254_1rr
done with sample Cluster3257_1rr
done with sample Cluster3265_1rr
done with sample Cluster3271_1rr
done with sample Cluster3296_1rr
done with sample Cluster3305_1rr
done with sample Cluster3310_1rr
done with sample Cluster3327_1rr_1_1to1ortho
done with sample Cluster340_1rr
done with sample Cluster3406_1rr_1_1to1ortho
done with sample Cluster3412_2rr
done with sample Cluster3412_2rr_1_1to1ortho
done with sample Cluster3429_1rr
done with sample Cluster3432_1rr
done with sample Cluster3434_1rr_1_1to1ortho
done with sample Cluster3437_1rr
done with sample Cluster3441_1rr_1_1to1ortho
done with sample Cluster3446_1rr
done with sample Cluster3457_1rr
done with sample Cluster3480_1rr
done with sample Cluster3482_1rr
done with sample Cluster3498_1rr_1_1to1ortho
done with sample Cluster3504_1rr
done with sample Cluster3507_1rr
done with sample Cluster3510_1rr
done with sample Cluster3539_1rr
done with sample Cluster3540_1rr
done with sample Cluster3543_1rr
done with sample Cluster3550_1rr
done with sample Cluster3551_1rr
done with sample Cluster3613_1rr
done with sample Cluster3616_1rr
done with sample Cluster3619_1rr
done with sample Cluster365_1rr
done with sample Cluster3655_1rr
done with sample Cluster3660_1rr
done with sample Cluster3679_1rr
done with sample Cluster3680_1rr
done with sample Cluster3681_1rr
done with sample Cluster368_1rr
done with sample Cluster3755_1rr
done with sample Cluster3758_1rr
done with sample Cluster3766_1rr
done with sample Cluster3770_1rr
done with sample Cluster3774_1rr
done with sample Cluster3778_1rr
done with sample Cluster3783_1rr_1_1to1ortho
done with sample Cluster3793_1rr_1_1to1ortho
done with sample Cluster3799_1rr
done with sample Cluster3813_1rr_1_1to1ortho
done with sample Cluster3818_1rr
done with sample Cluster3819_1rr
done with sample Cluster3834_1rr
done with sample Cluster3853_1rr
done with sample Cluster3866_1rr
done with sample Cluster3886_1rr
done with sample Cluster3901_1rr_1_1to1ortho
done with sample Cluster3910_1rr
done with sample Cluster3911_1rr
done with sample Cluster3931_1rr
done with sample Cluster3947_1rr
done with sample Cluster3956_1rr
done with sample Cluster3957_1rr
done with sample Cluster3972_1rr
done with sample Cluster3973_1rr
done with sample Cluster3974_1rr_1_1to1ortho
done with sample Cluster3986_1rr
done with sample Cluster3990_1rr
done with sample Cluster3996_2rr_1_1to1ortho
done with sample Cluster4017_1rr
done with sample Cluster4021_1rr
done with sample Cluster4033_1rr
done with sample Cluster4068_1rr
done with sample Cluster4091_1rr
done with sample Cluster4107_1rr
done with sample Cluster4111_1rr
done with sample Cluster41_1rr
done with sample Cluster414_1rr
done with sample Cluster4151_1rr
done with sample Cluster4154_1rr_1_1to1ortho
done with sample Cluster4157_1rr
done with sample Cluster4158_1rr
done with sample Cluster416_1rr
done with sample Cluster4163_1rr
done with sample Cluster4165_1rr
done with sample Cluster4198_1rr
done with sample Cluster4213_1rr
done with sample Cluster4215_1rr_1_1to1ortho
done with sample Cluster4220_1rr
done with sample Cluster4225_1rr
done with sample Cluster4231_1rr
done with sample Cluster4238_1rr
done with sample Cluster4252_1rr
done with sample Cluster4257_1rr
done with sample Cluster4268_1rr
done with sample Cluster428_1rr
done with sample Cluster4311_1rr
done with sample Cluster4320_1rr
done with sample Cluster4343_1rr
done with sample Cluster4354_1rr
done with sample Cluster4366_1rr
done with sample Cluster4370_1rr
done with sample Cluster4389_1rr
done with sample Cluster439_1rr
done with sample Cluster4395_1rr
done with sample Cluster4399_1rr
done with sample Cluster4400_1rr
done with sample Cluster440_1rr_1_1to1ortho
done with sample Cluster4408_1rr
done with sample Cluster4409_1rr
done with sample Cluster4412_1rr
done with sample Cluster4432_1rr
done with sample Cluster443_2rr
done with sample Cluster4436_1rr
done with sample Cluster4444_1rr
done with sample Cluster4447_1rr
done with sample Cluster4454_1rr
done with sample Cluster4470_1rr
done with sample Cluster4473_1rr
done with sample Cluster4495_1rr
done with sample Cluster4506_2rr
done with sample Cluster4509_1rr
done with sample Cluster4511_1rr
done with sample Cluster45_2rr
done with sample Cluster4531_1rr
done with sample Cluster4578_1rr
done with sample Cluster4592_1rr
done with sample Cluster4593_1rr
done with sample Cluster4606_1rr
done with sample Cluster46_1rr
done with sample Cluster4630_1rr
done with sample Cluster4637_1rr
done with sample Cluster4663_1rr_1_1to1ortho
done with sample Cluster4677_1rr
done with sample Cluster4685_1rr
done with sample Cluster4691_1rr
done with sample Cluster4692_1rr
done with sample Cluster4704_1rr
done with sample Cluster4705_1rr
done with sample Cluster4722_1rr
done with sample Cluster4726_1rr_1_1to1ortho
done with sample Cluster4748_1rr
done with sample Cluster4753_1rr
done with sample Cluster4762_1rr
done with sample Cluster4765_1rr
done with sample Cluster477_1rr
done with sample Cluster4795_1rr
done with sample Cluster4817_1rr
done with sample Cluster4817_1rr_1_1to1ortho
done with sample Cluster4821_1rr
done with sample Cluster4822_1rr
done with sample Cluster483_1rr
done with sample Cluster485_1rr
done with sample Cluster4870_1rr
done with sample Cluster4875_1rr
done with sample Cluster4883_1rr
done with sample Cluster4887_1rr
done with sample Cluster491_1rr
done with sample Cluster4928_1rr
done with sample Cluster4934_2rr
done with sample Cluster4945_1rr
done with sample Cluster4979_2rr_1_1to1ortho
done with sample Cluster4982_1rr
done with sample Cluster4992_1rr
done with sample Cluster50_1rr
done with sample Cluster5033_2rr
done with sample Cluster5039_1rr
done with sample Cluster5042_1rr
done with sample Cluster5060_1rr
done with sample Cluster5064_1rr
done with sample Cluster5082_1rr
done with sample Cluster5118_1rr
done with sample Cluster5141_1rr
done with sample Cluster5149_1rr
done with sample Cluster5158_1rr
done with sample Cluster5161_1rr
done with sample Cluster5169_1rr_1_1to1ortho
done with sample Cluster5172_1rr
done with sample Cluster5191_1rr
done with sample Cluster519_1rr
done with sample Cluster5240_1rr
done with sample Cluster5246_1rr
done with sample Cluster5254_1rr
done with sample Cluster5256_1rr
done with sample Cluster526_1rr
done with sample Cluster5280_1rr
done with sample Cluster5290_1rr_1_1to1ortho
done with sample Cluster5295_1rr
done with sample Cluster5302_1rr
done with sample Cluster5317_1rr
done with sample Cluster5319_1rr_1_1to1ortho
done with sample Cluster53_1rr
done with sample Cluster532_1rr
done with sample Cluster5334_1rr_1_1to1ortho
done with sample Cluster5339_1rr_1_1to1ortho
done with sample Cluster5350_2rr
done with sample Cluster5359_1rr
done with sample Cluster536_1rr
done with sample Cluster5363_1rr
done with sample Cluster5364_1rr
done with sample Cluster5376_1rr
done with sample Cluster5377_1rr
done with sample Cluster5383_1rr
done with sample Cluster5402_1rr
done with sample Cluster5414_1rr
done with sample Cluster5434_1rr
done with sample Cluster5436_1rr
done with sample Cluster5442_1rr
done with sample Cluster5448_1rr_1_1to1ortho
done with sample Cluster5460_1rr
done with sample Cluster5506_1rr_1_1to1ortho
done with sample Cluster5510_1rr
done with sample Cluster5526_1rr
done with sample Cluster5577_1rr
done with sample Cluster5585_1rr
done with sample Cluster5602_1rr
done with sample Cluster5607_1rr
done with sample Cluster5640_1rr
done with sample Cluster5647_1rr
done with sample Cluster5665_1rr
done with sample Cluster5696_1rr
done with sample Cluster5706_1rr
done with sample Cluster571_1rr_1_1to1ortho
done with sample Cluster5714_1rr
done with sample Cluster5780_1rr_1_1to1ortho
done with sample Cluster578_1rr
done with sample Cluster5797_1rr
done with sample Cluster5799_1rr
done with sample Cluster5833_1rr
done with sample Cluster586_1rr
done with sample Cluster5871_1rr
done with sample Cluster5879_1rr
done with sample Cluster5886_1rr
done with sample Cluster591_1rr
done with sample Cluster592_1rr
done with sample Cluster5930_1rr
done with sample Cluster5944_1rr
done with sample Cluster5947_1rr
done with sample Cluster5958_1rr
done with sample Cluster596_1rr
done with sample Cluster5963_1rr
done with sample Cluster5975_1rr
done with sample Cluster5977_1rr
done with sample Cluster5981_1rr
done with sample Cluster5988_1rr_1_1to1ortho
done with sample Cluster5995_1rr_1_1to1ortho
done with sample Cluster6012_1rr
done with sample Cluster6018_1rr_1_1to1ortho
done with sample Cluster6022_1rr
done with sample Cluster6065_1rr
done with sample Cluster6068_1rr
done with sample Cluster6078_1rr
done with sample Cluster6080_1rr_1_1to1ortho
done with sample Cluster609_1rr
done with sample Cluster6099_1rr
done with sample Cluster6100_1rr
done with sample Cluster6162_1rr
done with sample Cluster6163_1rr
done with sample Cluster6172_1rr
done with sample Cluster6174_1rr
done with sample Cluster6187_1rr
done with sample Cluster6195_1rr
done with sample Cluster6197_2rr
done with sample Cluster6205_1rr
done with sample Cluster6209_1rr
done with sample Cluster6218_1rr
done with sample Cluster6237_1rr
done with sample Cluster624_1rr_1_1to1ortho
done with sample Cluster6244_1rr
done with sample Cluster6253_1rr
done with sample Cluster6254_1rr
done with sample Cluster6268_1rr
done with sample Cluster6271_1rr
done with sample Cluster6285_1rr
done with sample Cluster6296_1rr
done with sample Cluster6299_1rr
done with sample Cluster6304_1rr
done with sample Cluster6305_1rr
done with sample Cluster6310_1rr
done with sample Cluster6321_1rr_1_1to1ortho
done with sample Cluster6323_1rr
done with sample Cluster6389_1rr
done with sample Cluster6417_1rr
done with sample Cluster6418_1rr
done with sample Cluster6419_1rr
done with sample Cluster6422_1rr
done with sample Cluster6427_1rr
done with sample Cluster643_1rr
done with sample Cluster6457_1rr
done with sample Cluster6468_1rr
done with sample Cluster6481_1rr_1_1to1ortho
done with sample Cluster6487_1rr
done with sample Cluster6493_13rr_4.ortho
done with sample Cluster6502_1rr
done with sample Cluster6506_1rr_1_1to1ortho
done with sample Cluster6529_1rr
done with sample Cluster6557_1rr
done with sample Cluster6560_1rr_1_1to1ortho
done with sample Cluster6570_1rr
done with sample Cluster6573_1rr
done with sample Cluster6583_1rr
done with sample Cluster6584_1rr
done with sample Cluster661_1rr
done with sample Cluster6626_1rr
done with sample Cluster6645_1rr
done with sample Cluster6668_1rr
done with sample Cluster6673_1rr
done with sample Cluster6685_1rr
done with sample Cluster6722_1rr
done with sample Cluster6736_1rr
done with sample Cluster6737_1rr
done with sample Cluster6738_1rr
done with sample Cluster6758_1rr
done with sample Cluster676_1rr
done with sample Cluster6766_1rr
done with sample Cluster6770_1rr
done with sample Cluster6773_1rr
done with sample Cluster6781_1rr
done with sample Cluster6794_1rr
done with sample Cluster6810_1rr
done with sample Cluster6817_1rr
done with sample Cluster6820_1rr
done with sample Cluster6823_1rr
done with sample Cluster6826_1rr
done with sample Cluster6829_1rr
done with sample Cluster6830_1rr
done with sample Cluster6862_1rr_1_1to1ortho
done with sample Cluster6868_1rr
done with sample Cluster6871_1rr
done with sample Cluster6875_1rr
done with sample Cluster6876_1rr
done with sample Cluster6877_1rr_1_1to1ortho
done with sample Cluster6879_1rr
done with sample Cluster6889_1rr
done with sample Cluster6899_1rr
done with sample Cluster6904_1rr
done with sample Cluster6908_1rr
done with sample Cluster6909_1rr
done with sample Cluster69_1rr
done with sample Cluster6926_1rr
done with sample Cluster6936_1rr
done with sample Cluster6949_1rr
done with sample Cluster695_1rr
done with sample Cluster6982_1rr
done with sample Cluster6990_1rr
done with sample Cluster699_1rr
done with sample Cluster7013_1rr
done with sample Cluster7022_1rr
done with sample Cluster7026_1rr
done with sample Cluster7046_1rr_1_1to1ortho
done with sample Cluster7073_1rr
done with sample Cluster7074_1rr
done with sample Cluster7091_1rr
done with sample Cluster7109_1rr
done with sample Cluster7122_1rr
done with sample Cluster7137_1rr
done with sample Cluster7146_1rr
done with sample Cluster7162_1rr
done with sample Cluster7167_1rr
done with sample Cluster717_1rr
done with sample Cluster7172_1rr
done with sample Cluster7187_1rr
done with sample Cluster7_1rr
done with sample Cluster7201_1rr
done with sample Cluster720_1rr_1_1to1ortho
done with sample Cluster7202_1rr
done with sample Cluster721_1rr
done with sample Cluster7219_1rr
done with sample Cluster7220_1rr_1_1to1ortho
done with sample Cluster7236_1rr
done with sample Cluster7238_1rr
done with sample Cluster7240_1rr_1_1to1ortho
done with sample Cluster7244_1rr
done with sample Cluster7256_1rr
done with sample Cluster727_1rr
done with sample Cluster7287_1rr
done with sample Cluster7288_1rr
done with sample Cluster729_1rr_1_1to1ortho
done with sample Cluster7299_1rr
done with sample Cluster7309_1rr
done with sample Cluster7321_1rr
done with sample Cluster732_1rr
done with sample Cluster7352_1rr
done with sample Cluster7365_1rr
done with sample Cluster7375_1rr_1_1to1ortho
done with sample Cluster7378_1rr
done with sample Cluster7403_1rr
done with sample Cluster7405_1rr
done with sample Cluster7408_1rr
done with sample Cluster7421_1rr
done with sample Cluster744_1rr
done with sample Cluster7442_1rr_1_1to1ortho
done with sample Cluster7448_1rr
done with sample Cluster7455_1rr_1_1to1ortho
done with sample Cluster7468_1rr_1_1to1ortho
done with sample Cluster7503_1rr
done with sample Cluster7507_1rr_1_1to1ortho
done with sample Cluster7539_1rr
done with sample Cluster7595_1rr
done with sample Cluster7597_1rr
done with sample Cluster7615_1rr
done with sample Cluster7624_1rr
done with sample Cluster7630_1rr_1_1to1ortho
done with sample Cluster7637_1rr
done with sample Cluster7654_1rr
done with sample Cluster7660_1rr
done with sample Cluster7665_1rr
done with sample Cluster7671_1rr
done with sample Cluster7679_1rr_1_1to1ortho
done with sample Cluster7683_1rr
done with sample Cluster7689_1rr_1_1to1ortho
done with sample Cluster769_1rr
done with sample Cluster7708_1rr_1_1to1ortho
done with sample Cluster7711_1rr_2_1to1ortho
done with sample Cluster7713_1rr
done with sample Cluster7740_1rr
done with sample Cluster7750_1rr_1_1to1ortho
done with sample Cluster7760_1rr
done with sample Cluster7767_1rr
done with sample Cluster7771_1rr
done with sample Cluster777_1rr
done with sample Cluster7798_1rr
done with sample Cluster7799_1rr
done with sample Cluster7813_1rr_1_1to1ortho
done with sample Cluster782_1rr
done with sample Cluster7849_1rr
done with sample Cluster7852_2rr
done with sample Cluster7857_1rr
done with sample Cluster7871_1rr
done with sample Cluster7877_1rr_1_1to1ortho
done with sample Cluster7878_1rr_1_1to1ortho
done with sample Cluster7881_1rr
done with sample Cluster7883_1rr
done with sample Cluster7884_1rr
done with sample Cluster7913_1rr
done with sample Cluster7914_1rr_1_1to1ortho
done with sample Cluster7915_1rr
done with sample Cluster793_1rr_1_1to1ortho
done with sample Cluster794_1rr
done with sample Cluster7948_1rr
done with sample Cluster7995_1rr
done with sample Cluster7996_1rr
done with sample Cluster7999_1rr
done with sample Cluster8003_1rr
done with sample Cluster8039_1rr
done with sample Cluster8040_1rr
done with sample Cluster807_1rr
done with sample Cluster8088_1rr
done with sample Cluster8104_1rr
done with sample Cluster8106_1rr_1_1to1ortho
done with sample Cluster81_1rr
done with sample Cluster8125_1rr
done with sample Cluster8134_1rr_1_1to1ortho
done with sample Cluster8139_1rr
done with sample Cluster815_1rr
done with sample Cluster8175_1rr_1_1to1ortho
done with sample Cluster8178_1rr
done with sample Cluster819_1rr_1_1to1ortho
done with sample Cluster8198_1rr_3.ortho
done with sample Cluster8202_1rr
done with sample Cluster8213_1rr_1_1to1ortho
done with sample Cluster8216_2rr
done with sample Cluster8228_1rr
done with sample Cluster8237_1rr
done with sample Cluster8238_1rr
done with sample Cluster8246_1rr
done with sample Cluster8256_1rr
done with sample Cluster8257_1rr
done with sample Cluster8268_1rr
done with sample Cluster8292_2rr_1_1to1ortho
done with sample Cluster8295_1rr
done with sample Cluster8305_1rr
done with sample Cluster8313_1rr
done with sample Cluster8339_1rr
done with sample Cluster8345_1rr
done with sample Cluster8347_1rr
done with sample Cluster8351_1rr
done with sample Cluster8370_1rr
done with sample Cluster8397_1rr
done with sample Cluster8399_1rr
done with sample Cluster8403_1rr
done with sample Cluster8441_1rr
done with sample Cluster8451_1rr
done with sample Cluster8458_1rr
done with sample Cluster8461_1rr
done with sample Cluster8463_1rr
done with sample Cluster8464_1rr
done with sample Cluster8474_1rr
done with sample Cluster8488_1rr_1_1to1ortho
done with sample Cluster8505_1rr
done with sample Cluster8525_1rr
done with sample Cluster8538_1rr
done with sample Cluster8540_1rr_1_1to1ortho
done with sample Cluster8544_1rr
done with sample Cluster856_1rr
done with sample Cluster8570_1rr
done with sample Cluster8573_1rr
done with sample Cluster8587_2rr
done with sample Cluster8589_1rr_1_1to1ortho
done with sample Cluster8604_1rr
done with sample Cluster8613_1rr_1_1to1ortho
done with sample Cluster8614_1rr
done with sample Cluster8627_1rr_1_1to1ortho
done with sample Cluster8634_1rr
done with sample Cluster8638_2rr
done with sample Cluster8649_1rr
done with sample Cluster8668_1rr
done with sample Cluster8675_1rr
done with sample Cluster8688_1rr_1_1to1ortho
done with sample Cluster8709_1rr
done with sample Cluster8718_1rr
done with sample Cluster8719_1rr
done with sample Cluster8723_1rr
done with sample Cluster8727_1rr
done with sample Cluster8729_1rr_1_1to1ortho
done with sample Cluster8731_1rr_1_1to1ortho
done with sample Cluster8733_1rr
done with sample Cluster8752_1rr
done with sample Cluster8772_1rr_1_1to1ortho
done with sample Cluster878_1rr
done with sample Cluster8803_1rr
done with sample Cluster8820_1rr
done with sample Cluster8826_1rr
done with sample Cluster8828_1rr
done with sample Cluster8841_1rr
done with sample Cluster8889_1rr
done with sample Cluster8901_1rr
done with sample Cluster8915_1rr
done with sample Cluster8923_1rr
done with sample Cluster8926_1rr
done with sample Cluster8929_1rr
done with sample Cluster8939_1rr
done with sample Cluster894_1rr
done with sample Cluster8960_1rr
done with sample Cluster8965_1rr
done with sample Cluster8968_1rr
done with sample Cluster8982_1rr
done with sample Cluster8989_1rr
done with sample Cluster8998_1rr
done with sample Cluster9007_1rr
done with sample Cluster9009_1rr
done with sample Cluster9016_1rr
done with sample Cluster9056_1rr_1_1to1ortho
done with sample Cluster9063_1rr
done with sample Cluster9102_1rr
done with sample Cluster9107_1rr
done with sample Cluster9108_1rr
done with sample Cluster9132_1rr_1_1to1ortho
done with sample Cluster9136_1rr
done with sample Cluster9222_1rr
done with sample Cluster9236_1rr
done with sample Cluster9243_1rr
done with sample Cluster9279_1rr_1_1to1ortho
done with sample Cluster9302_1rr
done with sample Cluster9319_1rr
done with sample Cluster93_1rr_1_1to1ortho
done with sample Cluster9323_1rr
done with sample Cluster9331_1rr
done with sample Cluster933_1rr_1_1to1ortho
done with sample Cluster9336_1rr
done with sample Cluster9343_1rr
done with sample Cluster9353_1rr
done with sample Cluster9365_1rr
done with sample Cluster9370_1rr
done with sample Cluster9382_1rr
done with sample Cluster9391_1rr
done with sample Cluster9407_1rr
done with sample Cluster9417_1rr
done with sample Cluster9424_1rr
done with sample Cluster9427_1rr
done with sample Cluster9438_1rr
done with sample Cluster9439_1rr
done with sample Cluster9451_1rr
done with sample Cluster9459_2rr
done with sample Cluster9469_1rr
done with sample Cluster9471_1rr
done with sample Cluster9472_1rr
done with sample Cluster9478_1rr
done with sample Cluster9505_1rr
done with sample Cluster9509_1rr
done with sample Cluster951_1rr_1_1to1ortho
done with sample Cluster9519_1rr_1_1to1ortho
done with sample Cluster9522_1rr
done with sample Cluster9526_1rr_1_1to1ortho
done with sample Cluster9531_1rr
done with sample Cluster9533_1rr
done with sample Cluster9553_1rr
done with sample Cluster956_1rr
done with sample Cluster9568_1rr
done with sample Cluster9569_1rr
done with sample Cluster9578_1rr
done with sample Cluster9581_1rr
done with sample Cluster9595_1rr
done with sample Cluster9607_1rr
done with sample Cluster9623_1rr_1_1to1ortho
done with sample Cluster964_1rr_1_1to1ortho
done with sample Cluster969_1rr
done with sample Cluster9711_1rr
done with sample Cluster9729_1rr
done with sample Cluster9739_1rr_1_1to1ortho
done with sample Cluster9751_1rr
done with sample Cluster9768_1rr
done with sample Cluster9772_1rr
done with sample Cluster9775_1rr
done with sample Cluster9776_1rr_1_1to1ortho
done with sample Cluster9798_1rr
done with sample Cluster9806_1rr
done with sample Cluster9809_1rr
done with sample Cluster9823_1rr
done with sample Cluster9825_1rr
done with sample Cluster9826_1rr_1_1to1ortho
done with sample Cluster9836_1rr
done with sample Cluster9851_1rr
done with sample Cluster9869_1rr
done with sample Cluster9885_1rr
done with sample Cluster989_1rr_1_1to1ortho
done with sample Cluster9894_1rr
done with sample Cluster9896_1rr
done with sample Cluster9900_2rr
done with sample Cluster9907_1rr
done with sample Cluster9924_1rr
done with sample Cluster9926_1rr
done with sample Cluster9933_1rr
done with sample Cluster9953_1rr_1_1to1ortho
done with sample Cluster9965_1rr
done with sample Cluster9967_1rr
done with sample Cluster9975_1rr
done with sample Cluster9977_1rr_1_1to1ortho
done with sample Cluster9985_1rr
done with sample Cluster9989_1rr
done with sample Cluster9990_1rr
Job finished at 11:28:25 Tue 08 Aug 2023
