Job: ASTRAL_PFC with ID 844730
Running on c3cpu-a9-u5-3.rc.int.colorado.edu
Job started at 18:47:59 Tue 21 Feb 2023
Directory is /home/pepe8426/Scripts/Analyses
Using 32 processors across 1 nodes

================== ASTRAL ===================== 

This is ASTRAL version 5.7.8
Gene trees are treated as unrooted
3672 trees read from 3672_concat_besttrees.txt
index0
All output trees will be *arbitrarily* rooted at PSCH

======== Running the main analysis
Number of taxa: 117 (43 species)
Taxa: {CPAR=[CPAR3, CPAR2, CPAR1], PREI=[PREI1], PEPA=[PEPA3, PEPA2, PEPA1], CAHE=[CAHE3, CAHE1, CAHE2], CALI=[CALI3, CALI1, CALI2], PAXI=[PAXI1, PAXI2, PAXI3], FDEN=[FDEN1, FDEN2, FDEN3], CSEL=[CSEL3, CSEL1, CSEL2], FAPA=[FAPA1, FAPA3, FAPA2], PSCH=[PSCH2, PSCH3, PSCH1], PEEX=[PEEX3, PEEX2, PEEX1], CATH=[CATH1, CATH2, CATH3], FAVI=[FAVI1], FAPE=[FAPE1, FAPE3, FAPE2], PINF=[PINF2, PINF1, PINF3], NIRI=[NIRI3, NIRI2, NIRI1], CAIR=[CAIR3, CAIR1, CAIR2], PINT=[PINT2, PINT1, PINT3], CAEL=[CAEL3, CAEL1, CAEL2], CAOV=[CAOV3, CAOV1, CAOV2], PALT=[PALT3, PALT1, PALT2], HUTE=[HUTE2, HUTE3, HUTE1], FADE=[FADE1, FADE3, FADE2], BRCU=[BRCU1, BRCU2, BRCU3], CAEG=[CAEG2, CAEG3, CAEG1], FAPU=[FAPU1, FAPU3, FAPU2], PESE=[PESE1], PLNY=[PLNY2, PLNY1, PLNY3], CACA=[CACA2, CACA3, CACA1], CAMI=[CAMI2, CAMI3, CAMI1], BOER=[BOER1, BOER3, BOER2], FAFR=[FAFR2, FAFR1, FAFR3], FABR=[FABR3, FABR1, FABR2], CASE=[CASE1], PCOR=[PCOR2, PCOR3, PCOR1], CAHU=[CAHU3, CAHU1, CAHU2], PBON=[PBON3, PBON1, PBON2], LEAC=[LEAC3, LEAC2, LEAC1], CAPY=[CAPY3, CAPY1, CAPY2], CAPU=[CAPU1, CAPU2, CAPU3], CALO=[CALO1], FAIM=[FAIM2, FAIM1, FAIM3], PEIN=[PEIN1]}
Taxon occupancy: {PSCH2=3127, PSCH3=3129, PSCH1=3129, FAIM2=3343, FAIM1=3343, FAIM3=3343, PEIN1=3135, PINT2=3115, PINT1=3116, PINT3=3116, CSEL3=3348, NIRI3=3365, CSEL1=3348, NIRI2=3365, CSEL2=3348, CAMI2=3345, CAMI3=3343, CAMI1=3345, FAPA1=3356, CALO1=3372, FAPA3=3356, FAPA2=3356, CPAR3=2998, CPAR2=2998, PREI1=3160, CPAR1=2998, PAXI1=2944, PEEX3=2933, PEEX2=2933, PEEX1=2933, NIRI1=3365, PAXI2=2944, PAXI3=2944, PCOR2=3115, PCOR3=3116, PCOR1=3116, CAPU1=3366, CAPU2=3366, CAHU3=3371, BRCU1=3342, PINF2=3069, CAHU1=3371, PINF1=3068, CAHU2=3371, PINF3=3069, BOER1=3471, CAHE3=3340, LEAC3=3386, LEAC2=3382, BRCU2=3342, CAHE1=3341, LEAC1=3386, BRCU3=3342, CAHE2=3341, CAEG2=3360, CAEG3=3359, CAPU3=3365, BOER3=3471, CAEG1=3360, BOER2=3471, CAEL3=3344, CAEL1=3345, CAEL2=3344, PBON3=3154, PBON1=3152, PBON2=3152, PESE1=3003, PALT3=3128, PALT1=3128, PALT2=3127, HUTE2=3461, HUTE3=3461, HUTE1=3461, FABR3=3304, FAFR2=3335, FAFR1=3335, FAFR3=3335, CACA2=3375, FAPE1=3309, CACA3=3374, FAVI1=3340, FAPE3=3309, CACA1=3374, FAPE2=3309, FABR1=3304, FABR2=3304, CAOV3=3314, PLNY2=3451, PLNY1=3451, CAOV1=3313, CAIR3=3362, CAOV2=3313, CAIR1=3362, CAIR2=3362, PLNY3=3450, FAPU1=3319, FAPU3=3319, PEPA3=3572, FAPU2=3319, PEPA2=3572, FADE1=3336, PEPA1=3572, FADE3=3336, FADE2=3335, CASE1=3358, FDEN1=3328, CATH1=3390, FDEN2=3326, FDEN3=3328, CAPY3=3352, CAPY1=3355, CAPY2=3355, CATH2=3390, CATH3=3390, CALI3=3377, CALI1=3377, CALI2=3377}
Number of gene trees: 3672
2979 trees have missing taxa
Calculating quartet distance matrix (for completion of X)
Species tree distances calculated ...
Will attempt to complete bipartitions from X before adding using a distance matrix.
Building set of clusters (X) from gene trees 
In second round sampling 3 rounds will be done
------------------------------
gradient0: 35617
------------------------------
gradient1: 3104
------------------------------
gradient2: 1754
Number of Clusters after addition by distance: 40475
calculating extra bipartitions to be added at level 1 ...
Adding to X using resolutions of greedy consensus ...
Limit for sigma of degrees:1125
polytomy size limit : 14
discarded polytomies:  [3, 4, 5, 6, 6, 8, 8, 8, 12, 14]
Threshold 0.0:
Threshold 0.01:
Threshold 0.02:
polytomy of size 3; rounds with additions with at least 5 support: 0; clusters: 40475
Threshold 0.05:
polytomy of size 6; rounds with additions with at least 5 support: 0; clusters: 40475
Threshold 0.1:
polytomy of size 8; rounds with additions with at least 5 support: 0; clusters: 40475
polytomy of size 4; rounds with additions with at least 5 support: 0; clusters: 40475
Threshold 0.2:
polytomy of size 12; rounds with additions with at least 5 support: 0; clusters: 40475
polytomy of size 5; rounds with additions with at least 5 support: 0; clusters: 40475
polytomy of size 6; rounds with additions with at least 5 support: 0; clusters: 40475
Threshold 0.3333333333333333:
polytomy of size 14; rounds with additions with at least 5 support: 0; clusters: 40475
polytomy of size 8; rounds with additions with at least 5 support: 0; clusters: 40475
polytomy of size 8; rounds with additions with at least 5 support: 0; clusters: 40475
max k is :0
Number of Clusters after addition by greedy: 40475
gradient0 in heuristiic: 40475
calculating extra bipartitions to be added at level 1 ...
Adding to X using resolutions of greedy consensus ...
Limit for sigma of degrees:1125
polytomy size limit : 14
discarded polytomies:  [4, 5, 6, 6, 8, 8, 8, 12, 14]
Threshold 0.0:
Threshold 0.01:
Threshold 0.02:
Threshold 0.05:
polytomy of size 6; rounds with additions with at least 5 support: 0; clusters: 40475
Threshold 0.1:
polytomy of size 8; rounds with additions with at least 5 support: 0; clusters: 40475
polytomy of size 4; rounds with additions with at least 5 support: 0; clusters: 40475
Threshold 0.2:
polytomy of size 12; rounds with additions with at least 5 support: 0; clusters: 40475
polytomy of size 5; rounds with additions with at least 5 support: 0; clusters: 40475
polytomy of size 6; rounds with additions with at least 5 support: 0; clusters: 40475
Threshold 0.3333333333333333:
polytomy of size 14; rounds with additions with at least 5 support: 0; clusters: 40475
polytomy of size 8; rounds with additions with at least 5 support: 0; clusters: 40475
polytomy of size 8; rounds with additions with at least 5 support: 0; clusters: 40475
max k is :0
Number of Clusters after addition by greedy: 40475
gradient1 in heuristiic: 0
calculating extra bipartitions to be added at level 1 ...
Adding to X using resolutions of greedy consensus ...
Limit for sigma of degrees:1125
polytomy size limit : 14
discarded polytomies:  [4, 5, 6, 6, 8, 8, 8, 12, 14]
Threshold 0.0:
Threshold 0.01:
Threshold 0.02:
Threshold 0.05:
polytomy of size 6; rounds with additions with at least 5 support: 0; clusters: 40475
Threshold 0.1:
polytomy of size 8; rounds with additions with at least 5 support: 0; clusters: 40475
polytomy of size 4; rounds with additions with at least 5 support: 0; clusters: 40475
Threshold 0.2:
polytomy of size 12; rounds with additions with at least 5 support: 0; clusters: 40475
polytomy of size 5; rounds with additions with at least 5 support: 0; clusters: 40475
polytomy of size 6; rounds with additions with at least 5 support: 0; clusters: 40475
Threshold 0.3333333333333333:
polytomy of size 14; rounds with additions with at least 5 support: 0; clusters: 40475
polytomy of size 8; rounds with additions with at least 5 support: 0; clusters: 40475
polytomy of size 8; rounds with additions with at least 5 support: 0; clusters: 40475
max k is :0
Number of Clusters after addition by greedy: 40475
gradient2 in heuristiic: 0
partitions formed in 145.324 secs
Dynamic Programming starting after 145.324 secs
Using tree-based weight calculation.
Using polytree-based weight calculation.
Polytree max score: 18749189323
Polytree building time: 0.936 seconds.
Counting unresolvable quartets ... 12580249
Number of quartet trees in the gene trees: 18736609074
Size of largest cluster: 117
Greedy score: 13778321885
estimationFactor: 1.3607745180297486
Calculated 100000 weights; time (seconds): 874
Calculated 200000 weights; time (seconds): 685
Calculated 300000 weights; time (seconds): 682
Sub-optimal score: 15063746108
Calculated 400000 weights; time (seconds): 682
Calculated 500000 weights; time (seconds): 685
Calculated 600000 weights; time (seconds): 692
Calculated 700000 weights; time (seconds): 682
Calculated 800000 weights; time (seconds): 684
Calculated 900000 weights; time (seconds): 683
Calculated 1000000 weights; time (seconds): 683
Total Number of elements weighted: 1030769
Normalized score (portion of input quartet trees satisfied before correcting for multiple individuals): 0.8121171918250164
Optimization score: 15216322345
Optimal tree inferred in 7248.623 secs.
(CALO,(CAOV,((CAPU,(CAHU,CATH)),(CAHE,(CAIR,(((CAMI,CAEG),(CSEL,(CASE,CALI))),((CAEL,CACA),((CPAR,CAPY),((FABR,((FAIM,PEPA),((FAPU,(FAPE,FDEN)),(FAVI,(FAFR,(FAPA,FADE)))))),((BRCU,(LEAC,(NIRI,(BOER,(HUTE,PLNY))))),((PAXI,(PEEX,PESE)),((PCOR,PINF),(PINT,(PSCH,(PEIN,(PREI,(PBON,PALT)))))))))))))))));
Final quartet score is: 16124003195
Final normalized quartet score is: 0.8605614351731657
Extended species tree:
((PSCH2,PSCH3,PSCH1)82.63:1.3433389511319547,((PEIN1,(PREI1,((PBON3,PBON1,PBON2)67.07:0.7047584789868071,(PALT3,PALT1,PALT2)67.74:0.7251264936693474)38.37:0.07831549864768081)36.81:0.053281624530649226)34.47:0.016994787502273047,((PINT2,PINT1,PINT3)79.48:1.177294718488252,(((PCOR2,PCOR3,PCOR1)90.9:1.9878327475424513,(PINF2,PINF1,PINF3)56.98:0.4374883486077975)35.48:0.03257060750610509,(((PAXI1,PAXI2,PAXI3)82.21:1.3193444049066247,((PEEX3,PEEX2,PEEX1)87.26:1.6523065213268517,PESE1)43.38:0.16308505206997662)85.68:1.5362745685097552,(((BRCU1,BRCU2,BRCU3)99.85:5.9246814601021445,((LEAC3,LEAC2,LEAC1)99.84:5.8750976733158025,((NIRI3,NIRI2,NIRI1)99.85:5.928307971874195,((BOER1,BOER3,BOER2)99.87:6.040783532762106,((HUTE2,HUTE3,HUTE1)98.01:3.496678356301258,(PLNY2,PLNY1,PLNY3)80.38:1.2220218100571558)95.07:2.598391314141577)89.74:1.8686850082539292)92.66:2.202188473678255)87.51:1.6726309685616736)96.56:2.9544762964974693,(((FABR3,FABR1,FABR2)96.26:2.872480136921332,(((FAIM2,FAIM1,FAIM3)94.42:2.4748077875704806,(PEPA3,PEPA2,PEPA1)96.99:3.0872462435256884)44.01:0.17420397478424315,(((FAPU1,FAPU3,FAPU2)84.62:1.4652162507008561,((FAPE1,FAPE3,FAPE2)59.41:0.4957602478032925,(FDEN1,FDEN2,FDEN3)64.05:0.6170666450231587)63.66:0.6061667162823089)66.25:0.6800421932618624,(FAVI1,((FAFR2,FAFR1,FAFR3)85.6:1.5305843695209667,((FAPA1,FAPA3,FAPA2)88.14:1.7245361219151356,(FADE1,FADE3,FADE2)87.74:1.6911098589469011)38.14:0.07464648673175665)51.93:0.32662622119406276)37.63:0.06649802726767477)37.92:0.07108527444084542)42.54:0.1484326515844271)79.77:1.1915501280756573,(((CPAR3,CPAR2,CPAR1)99.24:4.422797303643684,(CAPY3,CAPY1,CAPY2)86.88:1.623325966473205)76.35:1.0353067472206947,(((CAEL3,CAEL1,CAEL2)88.55:1.7589914677255634,(CACA2,CACA3,CACA1)81.4:1.2752751539775002)44.52:0.18344574390992846,((((CAMI2,CAMI3,CAMI1)74:0.9406843101988621,(CAEG2,CAEG3,CAEG1)69.06:0.7669691256302397)35.38:0.031024936574193373,((CSEL3,CSEL1,CSEL2)61.33:0.5441608196075847,(CASE1,(CALI3,CALI1,CALI2)51.13:0.31019572562667946)35.64:0.034993805934348386)36.89:0.054570694928144724)35.43:0.03178026285018168,((CAIR3,CAIR1,CAIR2)75.43:0.9973264658282677,((CAHE3,CAHE1,CAHE2)77.09:1.0669694158267822,(((CAPU1,CAPU2,CAPU3)86.79:1.6170278506628826,((CAHU3,CAHU1,CAHU2)53.33:0.3562875027121579,(CATH1,CATH2,CATH3)68.79:0.758395058636777)37.73:0.06810201251411278)41.49:0.13029966597493964,((CAOV3,CAOV1,CAOV2)54.6:0.3838315128635081,CALO1)36.42:0.04724378655917078)36.08:0.041828012478161744)33.84:0.007453692622084121)39.52:0.09721383279178634)36.09:0.04212004408207962)89.43:1.839152562921495)88.21:1.7305264351990781)81.03:1.2556131249871614)91.99:2.1159747485531093)57.78:0.4564148941608617)40.15:0.10764175903205334)36.97:0.05588393824044413));
Weight calculation took 7091.689625348 secs
ASTRAL finished in 7256.204 secs
Job finished at 20:48:58 Tue 21 Feb 2023
