optimization of topology, BL and inheritance probabilities using:
 hmax = 0,
 tolerance parameters: ftolRel=1.0e-6, ftolAbs=1.0e-6,
                       xtolAbs=0.001, xtolRel=0.01.
 max number of failed proposals = 75, liktolAbs = 1.0e-6.
rootname for files: net0_10runs
BEGIN: 10 runs on starting tree (FDEN,FAPA,(PEPA,(FABR,((BOER,((PAXI,(PESE,PEEX)45.79:0.20609071637530807)90.53:1.9436383688387295,(PCOR,(PINT,(PBON,PSCH)39.38:0.09459086620397318)42.82:0.152842599334197)60:0.5095738186634117)90.47:1.9370436962807072)81.74:1.2913260032296796,(CAPY,(CACA,(CASE,(CAIR,(CATH,(CAHE,CAOV):0.009735767113745344)34.01:0.012120859088311117)34.16:0.09967235885951567)39.69:0.09539953728848849)39.43:2.148551901271248)92.3:1.857820530420665)89.67:1.2480710732625928)80.93:0.15904200886160316)43.17:0.11756461789943623)40.76;
       using 11 processors

main seed 6429
seed: 6429 for run 1
seed: 75777 for run 2
seed: 86140 for run 3
seed: 60074 for run 4
seed: 3469 for run 5
seed: 43281 for run 6
seed: 51952 for run 7
seed: 14835 for run 8
seed: 86630 for run 9
seed: 2807 for run 10

2023-08-08 19:37:39.501
MaxNet is (FDEN,FAPA,(PEPA,(FABR,((BOER,((PAXI,(PESE,PEEX)45.79:0.1695213936149855)90.53:1.8260379577102868,(PCOR,(PINT,(PBON,PSCH)39.38:0.12142645777245206)42.82:0.16062548436050003)60:0.5067561242534416)90.47:1.8575653249891428)81.74:1.2468000984649952,(CAPY,(CACA,(CASE,(((CAHE,CAOV):0.018242779348537207,CATH)34.16:0.012245879771229953,CAIR)34.01:0.09607584488687666)39.69:0.0906478560748585)39.43:1.8432201768467347)92.3:1.647994504842708)89.67:1.234792339944835)80.93:0.15795632645538518)43.17:0.12369662135195314)40.76; 
with -loglik 1181.4389831867354
