optimization of topology, BL and inheritance probabilities using:
 hmax = 2,
 tolerance parameters: ftolRel=1.0e-6, ftolAbs=1.0e-6,
                       xtolAbs=0.001, xtolRel=0.01.
 max number of failed proposals = 75, liktolAbs = 1.0e-6.
rootname for files: net2_10runs
BEGIN: 10 runs on starting tree (FDEN,FAPA,(PEPA,(FABR,((BOER,((PAXI,(PESE,PEEX)45.79:0.17009148409523195)90.53:1.8261713182119115,((PCOR,((PSCH,PBON)42.82:0.12162805730427036,PINT)39.38:0.16070736790854728)60:0.4858876097579005,#H35:0.043109018117832736::0.008184805466511538):0.021367359237901992)90.47:1.9648459597289882)81.74:1.3297430172809763,(CAPY,((CACA,(CASE,((CATH,CAIR)34.16:6.0138011313189e-5,(CAHE,CAOV):0.026825716853913998)34.01:0.10085831255275249)39.69:0.0910568509821042)39.43:0.2399116781855207)#H35:1.9826047778659732::0.9918151945334884)92.3:1.8794508720107503)89.67:1.2218391028928537)80.93:0.1573469287876598)43.17:0.1240934406943155)40.76;
       using 11 processors

main seed 753692
seed: 753692 for run 1
seed: 39485 for run 2
seed: 30778 for run 3
seed: 41367 for run 4
seed: 68315 for run 5
seed: 75580 for run 6
seed: 22462 for run 7
seed: 36908 for run 8
seed: 79021 for run 9
seed: 44386 for run 10

2023-08-10 1:13:54.811
MaxNet is (FDEN,(PEPA,(((BOER,((PAXI,(PESE,PEEX)45.79:0.1690566145021171)90.53:1.8262789644533515,((PCOR,((PSCH,PBON)42.82:0.1232825811590438,PINT)39.38:0.1601767392712713)60:0.4864573431980236,#H35:0.7732504503469882::0.007972242779652663):0.020449082274235843)90.47:1.9635342198482018)81.74:1.3285613166813963,(CAPY,((CACA,(CASE,(CAIR,((CAHE,CAOV):0.022387905848047927,CATH)34.01:0.008654647055015325)34.16:0.09763842947612207)39.69:0.09005744605239513)39.43:0.20674292658787588)#H35:2.0203714201973786::0.9920277572203473)92.3:1.8782087649700367)89.67:1.1869783489170345,(FABR)#H36:::0.9182450371709268)80.93:0.19490604548431933)43.17:0.1331605006543894,(FAPA,#H36:::0.0817549628290732):0.7443687135107093)40.76; 
with -loglik 715.7344385409552
